TN:
SF:src\query\processor\lexer\token\Token.ts
FN:7,Token
FN:12,Token.getType
FN:16,Token.getValue
FNF:3
FNH:1
FNDA:1,Token
FNDA:0,Token.getType
FNDA:0,Token.getValue
DA:1,1
DA:2,1
DA:3,1
DA:4,1
DA:5,1
DA:6,1
DA:7,1
DA:8,1
DA:9,1
DA:10,1
DA:11,1
DA:12,1
DA:13,0
DA:14,0
DA:15,1
DA:16,1
DA:17,0
DA:18,0
DA:19,1
LF:19
LH:15
BRDA:19,0,0,1
BRDA:3,1,0,1
BRDA:7,2,0,1
BRF:3
BRH:3
end_of_record
TN:
SF:src\query\processor\lexer\token\TokenType.ts
FNF:0
FNH:0
DA:1,2
DA:2,2
DA:3,2
DA:4,2
DA:5,2
DA:6,2
DA:7,2
DA:8,2
DA:9,2
DA:10,2
DA:11,2
DA:12,2
DA:13,2
DA:14,2
DA:15,2
DA:16,2
DA:17,2
DA:18,2
DA:19,2
DA:20,2
DA:21,2
DA:22,2
DA:23,2
DA:24,2
DA:25,2
DA:26,2
DA:27,2
DA:28,2
DA:29,2
DA:30,2
DA:31,2
DA:32,2
DA:33,2
DA:34,2
DA:35,1
DA:36,1
LF:36
LH:36
BRDA:36,0,0,2
BRDA:1,1,0,2
BRF:2
BRH:2
end_of_record
TN:
SF:src\sql\structures\Catalog.ts
FN:17,Catalog
FN:30,Catalog.getName
FN:37,Catalog.getAuthorizedUsers
FN:44,Catalog.getSchemas
FN:54,Catalog.hasSchema
FN:63,Catalog.hasPermission
FN:73,Catalog.addSchema
FN:87,Catalog.removeSchema
FN:101,Catalog.authorizeUser
FN:115,Catalog.removeAuthorization
FNF:10
FNH:10
FNDA:14,Catalog
FNDA:2,Catalog.getName
FNDA:1,Catalog.getAuthorizedUsers
FNDA:1,Catalog.getSchemas
FNDA:5,Catalog.hasSchema
FNDA:6,Catalog.hasPermission
FNDA:4,Catalog.addSchema
FNDA:2,Catalog.removeSchema
FNDA:4,Catalog.authorizeUser
FNDA:2,Catalog.removeAuthorization
DA:1,1
DA:2,1
DA:3,1
DA:4,1
DA:5,1
DA:6,1
DA:7,1
DA:8,1
DA:9,1
DA:10,1
DA:11,1
DA:12,1
DA:13,1
DA:14,1
DA:15,1
DA:16,1
DA:17,1
DA:18,14
DA:19,14
DA:20,14
DA:21,14
DA:22,14
DA:23,14
DA:24,14
DA:25,14
DA:26,1
DA:27,1
DA:28,1
DA:29,1
DA:30,1
DA:31,2
DA:32,2
DA:33,1
DA:34,1
DA:35,1
DA:36,1
DA:37,1
DA:38,1
DA:39,1
DA:40,1
DA:41,1
DA:42,1
DA:43,1
DA:44,1
DA:45,1
DA:46,1
DA:47,1
DA:48,1
DA:49,1
DA:50,1
DA:51,1
DA:52,1
DA:53,1
DA:54,1
DA:55,5
DA:56,5
DA:57,1
DA:58,1
DA:59,1
DA:60,1
DA:61,1
DA:62,1
DA:63,1
DA:64,6
DA:65,6
DA:66,1
DA:67,1
DA:68,1
DA:69,1
DA:70,1
DA:71,1
DA:72,1
DA:73,1
DA:74,4
DA:75,1
DA:76,1
DA:77,1
DA:78,3
DA:79,3
DA:80,3
DA:81,1
DA:82,1
DA:83,1
DA:84,1
DA:85,1
DA:86,1
DA:87,1
DA:88,2
DA:89,2
DA:90,1
DA:91,1
DA:92,1
DA:93,1
DA:94,1
DA:95,1
DA:96,1
DA:97,1
DA:98,1
DA:99,1
DA:100,1
DA:101,1
DA:102,4
DA:103,1
DA:104,1
DA:105,1
DA:106,3
DA:107,3
DA:108,3
DA:109,1
DA:110,1
DA:111,1
DA:112,1
DA:113,1
DA:114,1
DA:115,1
DA:116,2
DA:117,2
DA:118,2
DA:119,1
DA:120,1
DA:121,1
DA:122,1
DA:123,1
DA:124,1
DA:125,1
LF:125
LH:125
BRDA:125,0,0,1
BRDA:5,1,0,1
BRDA:17,2,0,14
BRDA:30,3,0,2
BRDA:37,4,0,1
BRDA:44,5,0,1
BRDA:54,6,0,5
BRDA:63,7,0,6
BRDA:73,8,0,4
BRDA:74,9,0,1
BRDA:77,10,0,3
BRDA:87,11,0,2
BRDA:89,12,0,1
BRDA:101,13,0,4
BRDA:102,14,0,1
BRDA:105,15,0,3
BRDA:115,16,0,2
BRDA:118,17,0,1
BRF:18
BRH:18
end_of_record
